#
# A fatal error has been detected by the Java Runtime Environment:
#
#  EXCEPTION_ACCESS_VIOLATION (0xc0000005) at pc=0x0000017b3c58f57a, pid=13952, tid=11484
#
# JRE version: Java(TM) SE Runtime Environment 18.9 (11.0.9+7) (build 11.0.9+7-LTS)
# Java VM: Java HotSpot(TM) 64-Bit Server VM 18.9 (11.0.9+7-LTS, mixed mode, tiered, compressed oops, g1 gc, windows-amd64)
# Problematic frame:
# j  java.util.zip.ZipFile$Source.get(Ljava/io/File;ZLjava/util/zip/ZipCoder;)Ljava/util/zip/ZipFile$Source;+48 java.base@11.0.9
#
# No core dump will be written. Minidumps are not enabled by default on client versions of Windows
#
# If you would like to submit a bug report, please visit:
#   https://bugreport.java.com/bugreport/crash.jsp
#

---------------  S U M M A R Y ------------

Command Line: -ea -Dfile.encoding=UTF-8 org.eclipse.jdt.internal.junit.runner.RemoteTestRunner -version 3 -port 61894 -testLoaderClass org.eclipse.jdt.internal.junit4.runner.JUnit4TestLoader -loaderpluginname org.eclipse.jdt.junit4.runtime -classNames testrunner.Runner

Host: Intel(R) Core(TM) i5-5200U CPU @ 2.20GHz, 4 cores, 7G,  Windows 10 , 64 bit Build 19041 (10.0.19041.928)
Time: Tue Jun  1 21:02:32 2021 India Standard Time elapsed time: 2.777443 seconds (0d 0h 0m 2s)

---------------  T H R E A D  ---------------

Current thread (0x0000017b340fc800):  JavaThread "main" [_thread_in_Java, id=11484, stack(0x0000002539b00000,0x0000002539c00000)]

Stack: [0x0000002539b00000,0x0000002539c00000],  sp=0x0000002539bfad88,  free space=1003k
Native frames: (J=compiled Java code, j=interpreted, Vv=VM code, C=native code)
C  0x0000017b3c58f57a


siginfo: EXCEPTION_ACCESS_VIOLATION (0xc0000005), reading address 0x0000000299af56b8


Register to memory mapping:

RIP=0x0000017b3c58f57a is at code_begin+442 in an Interpreter codelet
checkcast  192 checkcast  [0x0000017b3c58f3c0, 0x0000017b3c58f620]  608 bytes
RAX=0x000000010004e6d8 is a pointer to class: 
java.util.zip.ZipFile$Source {0x000000010004e6e0}
RBX=0x0000000299af5680 is an unknown value
RCX=0x0000000000000038 is an unknown value
RDX=0x00000000818f8ce8 is pointing into object: java.util.zip.Inflater$InflaterZStreamRef 
{0x00000000818f8ce0} - klass: 'java/util/zip/Inflater$InflaterZStreamRef'
RSP=0x0000002539bfad88 is pointing into the stack for thread: 0x0000017b340fc800
RBP=0x0000002539bfade0 is pointing into the stack for thread: 0x0000017b340fc800
RSI=0x0000017b528c3650 is pointing into metadata
RDI=0x0000000000000190 is an unknown value
R8 =0x0000000000000057 is an unknown value
R9 =0x0000000081b8ad28 is an oop: java.lang.Class 
{0x0000000081b8ad28} - klass: 'java/lang/Class'
R10=0x00007ffe357d8f30 jvm.dll
R11=0x0000017b44064a80 is at entry_point+0 in (nmethod*)0x0000017b44064910
R12=0x0 is NULL
R13=0x0000017b5293d66b is pointing into metadata
R14=0x0000002539bfae28 is pointing into the stack for thread: 0x0000017b340fc800
R15=0x0000017b340fc800 is a thread


Registers:
RAX=0x000000010004e6d8, RBX=0x0000000299af5680, RCX=0x0000000000000038, RDX=0x00000000818f8ce8
RSP=0x0000002539bfad88, RBP=0x0000002539bfade0, RSI=0x0000017b528c3650, RDI=0x0000000000000190
R8 =0x0000000000000057, R9 =0x0000000081b8ad28, R10=0x00007ffe357d8f30, R11=0x0000017b44064a80
R12=0x0000000000000000, R13=0x0000017b5293d66b, R14=0x0000002539bfae28, R15=0x0000017b340fc800
RIP=0x0000017b3c58f57a, EFLAGS=0x0000000000010212

Top of Stack: (sp=0x0000002539bfad88)
0x0000002539bfad88:   0000000000000001 00000000818f9a50
0x0000002539bfad98:   0000002539bfad88 0000017b5293d668
0x0000002539bfada8:   0000002539bfae28 0000017b5293f050
0x0000002539bfadb8:   0000000000000000 00000000818f95c0
0x0000002539bfadc8:   0000017b5293d7a8 0000000000000000
0x0000002539bfadd8:   0000002539bfae18 0000002539bfae80
0x0000002539bfade8:   0000017b3c579b80 0000000000000000
0x0000002539bfadf8:   0000000000000000 00000000818f9a50
0x0000002539bfae08:   0000000000000000 000000008905d800
0x0000002539bfae18:   0000000081b30ce8 0000000000000000
0x0000002539bfae28:   000000008905d4a0 000000008905d678
0x0000002539bfae38:   0000002539bfae38 0000017b52930c9b
0x0000002539bfae48:   0000002539bfaeb0 0000017b529313c0
0x0000002539bfae58:   0000000000000000 00000000819b2148
0x0000002539bfae68:   0000017b52930cf0 0000002539bfae18
0x0000002539bfae78:   0000002539bfae90 0000002539bfaf00 

Instructions: (pc=0x0000017b3c58f57a)
0x0000017b3c58f55a:   89 59 18 bf 01 00 00 00 48 89 79 20 48 83 c1 38
0x0000017b3c58f56a:   48 89 4d d8 48 3b d8 0f 84 5b 00 00 00 8b 48 10
0x0000017b3c58f57a:   48 3b 04 0b 0f 84 4e 00 00 00 83 f9 20 0f 85 22
0x0000017b3c58f58a:   00 00 00 50 48 8b c0 57 48 8b 7b 28 8b 0f 48 83 


Stack slot to memory mapping:
stack at sp + 0 slots: 0x0000000000000001 is an unknown value
stack at sp + 1 slots: 0x00000000818f9a50 is an oop: java.util.HashMap 
{0x00000000818f9a50} - klass: 'java/util/HashMap'
stack at sp + 2 slots: 0x0000002539bfad88 is pointing into the stack for thread: 0x0000017b340fc800
stack at sp + 3 slots: 0x0000017b5293d668 is pointing into metadata
stack at sp + 4 slots: 0x0000002539bfae28 is pointing into the stack for thread: 0x0000017b340fc800
stack at sp + 5 slots: 0x0000017b5293f050 is pointing into metadata
stack at sp + 6 slots: 0x0 is NULL
stack at sp + 7 slots: 0x00000000818f95c0 is an oop: java.lang.Class 
{0x00000000818f95c0} - klass: 'java/lang/Class'

checkcast  192 checkcast  [0x0000017b3c58f3c0, 0x0000017b3c58f620]  608 bytes

---------------  P R O C E S S  ---------------

Threads class SMR info:
_java_thread_list=0x0000017b544a48f0, length=12, elements={
0x0000017b340fc800, 0x0000017b525c3000, 0x0000017b525ce000, 0x0000017b52f42800,
0x0000017b525d7000, 0x0000017b525e0000, 0x0000017b525e9000, 0x0000017b525ec800,
0x0000017b531e4800, 0x0000017b531fb800, 0x0000017b537ba000, 0x0000017b53c82800
}

Java Threads: ( => current thread )
=>0x0000017b340fc800 JavaThread "main" [_thread_in_Java, id=11484, stack(0x0000002539b00000,0x0000002539c00000)]
  0x0000017b525c3000 JavaThread "Reference Handler" daemon [_thread_blocked, id=9036, stack(0x000000253a200000,0x000000253a300000)]
  0x0000017b525ce000 JavaThread "Finalizer" daemon [_thread_blocked, id=12240, stack(0x000000253a300000,0x000000253a400000)]
  0x0000017b52f42800 JavaThread "Signal Dispatcher" daemon [_thread_blocked, id=15272, stack(0x000000253a400000,0x000000253a500000)]
  0x0000017b525d7000 JavaThread "Attach Listener" daemon [_thread_blocked, id=7536, stack(0x000000253a500000,0x000000253a600000)]
  0x0000017b525e0000 JavaThread "C2 CompilerThread0" daemon [_thread_blocked, id=776, stack(0x000000253a600000,0x000000253a700000)]
  0x0000017b525e9000 JavaThread "C1 CompilerThread0" daemon [_thread_blocked, id=13684, stack(0x000000253a700000,0x000000253a800000)]
  0x0000017b525ec800 JavaThread "Sweeper thread" daemon [_thread_blocked, id=14112, stack(0x000000253a800000,0x000000253a900000)]
  0x0000017b531e4800 JavaThread "Service Thread" daemon [_thread_blocked, id=7108, stack(0x000000253a900000,0x000000253aa00000)]
  0x0000017b531fb800 JavaThread "Common-Cleaner" daemon [_thread_blocked, id=1060, stack(0x000000253ab00000,0x000000253ac00000)]
  0x0000017b537ba000 JavaThread "ReaderThread" [_thread_in_native, id=14860, stack(0x000000253ac00000,0x000000253ad00000)]
  0x0000017b53c82800 JavaThread "C2 CompilerThread1" daemon [_thread_blocked, id=14624, stack(0x000000253ad00000,0x000000253ae00000)]

Other Threads:
  0x0000017b525a0800 VMThread "VM Thread" [stack: 0x000000253a100000,0x000000253a200000] [id=4708]
  0x0000017b531a7000 WatcherThread [stack: 0x000000253aa00000,0x000000253ab00000] [id=13604]
  0x0000017b34113800 GCTaskThread "GC Thread#0" [stack: 0x0000002539c00000,0x0000002539d00000] [id=7452]
  0x0000017b53815800 GCTaskThread "GC Thread#1" [stack: 0x000000253ae00000,0x000000253af00000] [id=328]
  0x0000017b53814000 GCTaskThread "GC Thread#2" [stack: 0x000000253af00000,0x000000253b000000] [id=6736]
  0x0000017b53815000 GCTaskThread "GC Thread#3" [stack: 0x000000253b000000,0x000000253b100000] [id=15296]
  0x0000017b34144000 ConcurrentGCThread "G1 Main Marker" [stack: 0x0000002539d00000,0x0000002539e00000] [id=10460]
  0x0000017b34149800 ConcurrentGCThread "G1 Conc#0" [stack: 0x0000002539e00000,0x0000002539f00000] [id=9648]
  0x0000017b52410800 ConcurrentGCThread "G1 Refine#0" [stack: 0x0000002539f00000,0x000000253a000000] [id=5168]
  0x0000017b52411800 ConcurrentGCThread "G1 Young RemSet Sampling" [stack: 0x000000253a000000,0x000000253a100000] [id=12728]

Threads with active compile tasks:

VM state:not at safepoint (normal execution)

VM Mutex/Monitor currently owned by a thread: None

Heap address: 0x0000000081600000, size: 2026 MB, Compressed Oops mode: 32-bit
Narrow klass base: 0x0000000000000000, Narrow klass shift: 3
Compressed class space size: 1073741824 Address: 0x0000000100000000

Heap:
 garbage-first heap   total 131072K, used 16041K [0x0000000081600000, 0x0000000100000000)
  region size 1024K, 10 young (10240K), 4 survivors (4096K)
 Metaspace       used 19489K, capacity 19795K, committed 19968K, reserved 1067008K
  class space    used 2166K, capacity 2289K, committed 2304K, reserved 1048576K
Heap Regions: E=young(eden), S=young(survivor), O=old, HS=humongous(starts), HC=humongous(continues), CS=collection set, F=free, A=archive, TAMS=top-at-mark-start (previous, next)
|   0|0x0000000081600000, 0x0000000081700000, 0x0000000081700000|100%|HS|  |TAMS 0x0000000081600000, 0x0000000081600000| Complete 
|   1|0x0000000081700000, 0x0000000081800000, 0x0000000081800000|100%| O|  |TAMS 0x0000000081700000, 0x0000000081700000| Untracked 
|   2|0x0000000081800000, 0x0000000081900000, 0x0000000081900000|100%| O|  |TAMS 0x0000000081800000, 0x0000000081800000| Untracked 
|   3|0x0000000081900000, 0x0000000081a00000, 0x0000000081a00000|100%| O|  |TAMS 0x0000000081900000, 0x0000000081900000| Untracked 
|   4|0x0000000081a00000, 0x0000000081b00000, 0x0000000081b00000|100%| O|  |TAMS 0x0000000081a00000, 0x0000000081a00000| Untracked 
|   5|0x0000000081b00000, 0x0000000081c00000, 0x0000000081c00000|100%| O|  |TAMS 0x0000000081b00000, 0x0000000081b00000| Untracked 
|   6|0x0000000081c00000, 0x0000000081cee600, 0x0000000081d00000| 93%| O|  |TAMS 0x0000000081c00000, 0x0000000081c00000| Untracked 
|   7|0x0000000081d00000, 0x0000000081d00000, 0x0000000081e00000|  0%| F|  |TAMS 0x0000000081d00000, 0x0000000081d00000| Untracked 
|   8|0x0000000081e00000, 0x0000000081e00000, 0x0000000081f00000|  0%| F|  |TAMS 0x0000000081e00000, 0x0000000081e00000| Untracked 
|   9|0x0000000081f00000, 0x0000000081f00000, 0x0000000082000000|  0%| F|  |TAMS 0x0000000081f00000, 0x0000000081f00000| Untracked 
|  10|0x0000000082000000, 0x0000000082000000, 0x0000000082100000|  0%| F|  |TAMS 0x0000000082000000, 0x0000000082000000| Untracked 
|  11|0x0000000082100000, 0x0000000082100000, 0x0000000082200000|  0%| F|  |TAMS 0x0000000082100000, 0x0000000082100000| Untracked 
|  12|0x0000000082200000, 0x0000000082200000, 0x0000000082300000|  0%| F|  |TAMS 0x0000000082200000, 0x0000000082200000| Untracked 
|  13|0x0000000082300000, 0x0000000082300000, 0x0000000082400000|  0%| F|  |TAMS 0x0000000082300000, 0x0000000082300000| Untracked 
|  14|0x0000000082400000, 0x0000000082400000, 0x0000000082500000|  0%| F|  |TAMS 0x0000000082400000, 0x0000000082400000| Untracked 
|  15|0x0000000082500000, 0x0000000082500000, 0x0000000082600000|  0%| F|  |TAMS 0x0000000082500000, 0x0000000082500000| Untracked 
|  16|0x0000000082600000, 0x0000000082600000, 0x0000000082700000|  0%| F|  |TAMS 0x0000000082600000, 0x0000000082600000| Untracked 
|  17|0x0000000082700000, 0x0000000082700000, 0x0000000082800000|  0%| F|  |TAMS 0x0000000082700000, 0x0000000082700000| Untracked 
|  18|0x0000000082800000, 0x0000000082800000, 0x0000000082900000|  0%| F|  |TAMS 0x0000000082800000, 0x0000000082800000| Untracked 
|  19|0x0000000082900000, 0x0000000082900000, 0x0000000082a00000|  0%| F|  |TAMS 0x0000000082900000, 0x0000000082900000| Untracked 
|  20|0x0000000082a00000, 0x0000000082a00000, 0x0000000082b00000|  0%| F|  |TAMS 0x0000000082a00000, 0x0000000082a00000| Untracked 
|  21|0x0000000082b00000, 0x0000000082b00000, 0x0000000082c00000|  0%| F|  |TAMS 0x0000000082b00000, 0x0000000082b00000| Untracked 
|  22|0x0000000082c00000, 0x0000000082c00000, 0x0000000082d00000|  0%| F|  |TAMS 0x0000000082c00000, 0x0000000082c00000| Untracked 
|  23|0x0000000082d00000, 0x0000000082d00000, 0x0000000082e00000|  0%| F|  |TAMS 0x0000000082d00000, 0x0000000082d00000| Untracked 
|  24|0x0000000082e00000, 0x0000000082e00000, 0x0000000082f00000|  0%| F|  |TAMS 0x0000000082e00000, 0x0000000082e00000| Untracked 
|  25|0x0000000082f00000, 0x0000000082f00000, 0x0000000083000000|  0%| F|  |TAMS 0x0000000082f00000, 0x0000000082f00000| Untracked 
|  26|0x0000000083000000, 0x0000000083000000, 0x0000000083100000|  0%| F|  |TAMS 0x0000000083000000, 0x0000000083000000| Untracked 
|  27|0x0000000083100000, 0x0000000083100000, 0x0000000083200000|  0%| F|  |TAMS 0x0000000083100000, 0x0000000083100000| Untracked 
|  28|0x0000000083200000, 0x0000000083200000, 0x0000000083300000|  0%| F|  |TAMS 0x0000000083200000, 0x0000000083200000| Untracked 
|  29|0x0000000083300000, 0x0000000083300000, 0x0000000083400000|  0%| F|  |TAMS 0x0000000083300000, 0x0000000083300000| Untracked 
|  30|0x0000000083400000, 0x0000000083400000, 0x0000000083500000|  0%| F|  |TAMS 0x0000000083400000, 0x0000000083400000| Untracked 
|  31|0x0000000083500000, 0x0000000083500000, 0x0000000083600000|  0%| F|  |TAMS 0x0000000083500000, 0x0000000083500000| Untracked 
|  32|0x0000000083600000, 0x0000000083600000, 0x0000000083700000|  0%| F|  |TAMS 0x0000000083600000, 0x0000000083600000| Untracked 
|  33|0x0000000083700000, 0x0000000083700000, 0x0000000083800000|  0%| F|  |TAMS 0x0000000083700000, 0x0000000083700000| Untracked 
|  34|0x0000000083800000, 0x0000000083800000, 0x0000000083900000|  0%| F|  |TAMS 0x0000000083800000, 0x0000000083800000| Untracked 
|  35|0x0000000083900000, 0x0000000083900000, 0x0000000083a00000|  0%| F|  |TAMS 0x0000000083900000, 0x0000000083900000| Untracked 
|  36|0x0000000083a00000, 0x0000000083a00000, 0x0000000083b00000|  0%| F|  |TAMS 0x0000000083a00000, 0x0000000083a00000| Untracked 
|  37|0x0000000083b00000, 0x0000000083b00000, 0x0000000083c00000|  0%| F|  |TAMS 0x0000000083b00000, 0x0000000083b00000| Untracked 
|  38|0x0000000083c00000, 0x0000000083c00000, 0x0000000083d00000|  0%| F|  |TAMS 0x0000000083c00000, 0x0000000083c00000| Untracked 
|  39|0x0000000083d00000, 0x0000000083d00000, 0x0000000083e00000|  0%| F|  |TAMS 0x0000000083d00000, 0x0000000083d00000| Untracked 
|  40|0x0000000083e00000, 0x0000000083e00000, 0x0000000083f00000|  0%| F|  |TAMS 0x0000000083e00000, 0x0000000083e00000| Untracked 
|  41|0x0000000083f00000, 0x0000000083f00000, 0x0000000084000000|  0%| F|  |TAMS 0x0000000083f00000, 0x0000000083f00000| Untracked 
|  42|0x0000000084000000, 0x0000000084000000, 0x0000000084100000|  0%| F|  |TAMS 0x0000000084000000, 0x0000000084000000| Untracked 
|  43|0x0000000084100000, 0x0000000084100000, 0x0000000084200000|  0%| F|  |TAMS 0x0000000084100000, 0x0000000084100000| Untracked 
|  44|0x0000000084200000, 0x0000000084200000, 0x0000000084300000|  0%| F|  |TAMS 0x0000000084200000, 0x0000000084200000| Untracked 
|  45|0x0000000084300000, 0x0000000084300000, 0x0000000084400000|  0%| F|  |TAMS 0x0000000084300000, 0x0000000084300000| Untracked 
|  46|0x0000000084400000, 0x0000000084400000, 0x0000000084500000|  0%| F|  |TAMS 0x0000000084400000, 0x0000000084400000| Untracked 
|  47|0x0000000084500000, 0x0000000084500000, 0x0000000084600000|  0%| F|  |TAMS 0x0000000084500000, 0x0000000084500000| Untracked 
|  48|0x0000000084600000, 0x0000000084600000, 0x0000000084700000|  0%| F|  |TAMS 0x0000000084600000, 0x0000000084600000| Untracked 
|  49|0x0000000084700000, 0x0000000084700000, 0x0000000084800000|  0%| F|  |TAMS 0x0000000084700000, 0x0000000084700000| Untracked 
|  50|0x0000000084800000, 0x0000000084800000, 0x0000000084900000|  0%| F|  |TAMS 0x0000000084800000, 0x0000000084800000| Untracked 
|  51|0x0000000084900000, 0x0000000084900000, 0x0000000084a00000|  0%| F|  |TAMS 0x0000000084900000, 0x0000000084900000| Untracked 
|  52|0x0000000084a00000, 0x0000000084a00000, 0x0000000084b00000|  0%| F|  |TAMS 0x0000000084a00000, 0x0000000084a00000| Untracked 
|  53|0x0000000084b00000, 0x0000000084b00000, 0x0000000084c00000|  0%| F|  |TAMS 0x0000000084b00000, 0x0000000084b00000| Untracked 
|  54|0x0000000084c00000, 0x0000000084c00000, 0x0000000084d00000|  0%| F|  |TAMS 0x0000000084c00000, 0x0000000084c00000| Untracked 
|  55|0x0000000084d00000, 0x0000000084d00000, 0x0000000084e00000|  0%| F|  |TAMS 0x0000000084d00000, 0x0000000084d00000| Untracked 
|  56|0x0000000084e00000, 0x0000000084e00000, 0x0000000084f00000|  0%| F|  |TAMS 0x0000000084e00000, 0x0000000084e00000| Untracked 
|  57|0x0000000084f00000, 0x0000000084f00000, 0x0000000085000000|  0%| F|  |TAMS 0x0000000084f00000, 0x0000000084f00000| Untracked 
|  58|0x0000000085000000, 0x0000000085000000, 0x0000000085100000|  0%| F|  |TAMS 0x0000000085000000, 0x0000000085000000| Untracked 
|  59|0x0000000085100000, 0x0000000085100000, 0x0000000085200000|  0%| F|  |TAMS 0x0000000085100000, 0x0000000085100000| Untracked 
|  60|0x0000000085200000, 0x0000000085200000, 0x0000000085300000|  0%| F|  |TAMS 0x0000000085200000, 0x0000000085200000| Untracked 
|  61|0x0000000085300000, 0x0000000085300000, 0x0000000085400000|  0%| F|  |TAMS 0x0000000085300000, 0x0000000085300000| Untracked 
|  62|0x0000000085400000, 0x0000000085400000, 0x0000000085500000|  0%| F|  |TAMS 0x0000000085400000, 0x0000000085400000| Untracked 
|  63|0x0000000085500000, 0x0000000085500000, 0x0000000085600000|  0%| F|  |TAMS 0x0000000085500000, 0x0000000085500000| Untracked 
|  64|0x0000000085600000, 0x0000000085600000, 0x0000000085700000|  0%| F|  |TAMS 0x0000000085600000, 0x0000000085600000| Untracked 
|  65|0x0000000085700000, 0x0000000085700000, 0x0000000085800000|  0%| F|  |TAMS 0x0000000085700000, 0x0000000085700000| Untracked 
|  66|0x0000000085800000, 0x0000000085800000, 0x0000000085900000|  0%| F|  |TAMS 0x0000000085800000, 0x0000000085800000| Untracked 
|  67|0x0000000085900000, 0x0000000085900000, 0x0000000085a00000|  0%| F|  |TAMS 0x0000000085900000, 0x0000000085900000| Untracked 
|  68|0x0000000085a00000, 0x0000000085a00000, 0x0000000085b00000|  0%| F|  |TAMS 0x0000000085a00000, 0x0000000085a00000| Untracked 
|  69|0x0000000085b00000, 0x0000000085b00000, 0x0000000085c00000|  0%| F|  |TAMS 0x0000000085b00000, 0x0000000085b00000| Untracked 
|  70|0x0000000085c00000, 0x0000000085c00000, 0x0000000085d00000|  0%| F|  |TAMS 0x0000000085c00000, 0x0000000085c00000| Untracked 
|  71|0x0000000085d00000, 0x0000000085d00000, 0x0000000085e00000|  0%| F|  |TAMS 0x0000000085d00000, 0x0000000085d00000| Untracked 
|  72|0x0000000085e00000, 0x0000000085e00000, 0x0000000085f00000|  0%| F|  |TAMS 0x0000000085e00000, 0x0000000085e00000| Untracked 
|  73|0x0000000085f00000, 0x0000000085f00000, 0x0000000086000000|  0%| F|  |TAMS 0x0000000085f00000, 0x0000000085f00000| Untracked 
|  74|0x0000000086000000, 0x0000000086000000, 0x0000000086100000|  0%| F|  |TAMS 0x0000000086000000, 0x0000000086000000| Untracked 
|  75|0x0000000086100000, 0x0000000086100000, 0x0000000086200000|  0%| F|  |TAMS 0x0000000086100000, 0x0000000086100000| Untracked 
|  76|0x0000000086200000, 0x0000000086200000, 0x0000000086300000|  0%| F|  |TAMS 0x0000000086200000, 0x0000000086200000| Untracked 
|  77|0x0000000086300000, 0x0000000086300000, 0x0000000086400000|  0%| F|  |TAMS 0x0000000086300000, 0x0000000086300000| Untracked 
|  78|0x0000000086400000, 0x0000000086400000, 0x0000000086500000|  0%| F|  |TAMS 0x0000000086400000, 0x0000000086400000| Untracked 
|  79|0x0000000086500000, 0x0000000086500000, 0x0000000086600000|  0%| F|  |TAMS 0x0000000086500000, 0x0000000086500000| Untracked 
|  80|0x0000000086600000, 0x0000000086600000, 0x0000000086700000|  0%| F|  |TAMS 0x0000000086600000, 0x0000000086600000| Untracked 
|  81|0x0000000086700000, 0x0000000086700000, 0x0000000086800000|  0%| F|  |TAMS 0x0000000086700000, 0x0000000086700000| Untracked 
|  82|0x0000000086800000, 0x0000000086800000, 0x0000000086900000|  0%| F|  |TAMS 0x0000000086800000, 0x0000000086800000| Untracked 
|  83|0x0000000086900000, 0x0000000086900000, 0x0000000086a00000|  0%| F|  |TAMS 0x0000000086900000, 0x0000000086900000| Untracked 
|  84|0x0000000086a00000, 0x0000000086a00000, 0x0000000086b00000|  0%| F|  |TAMS 0x0000000086a00000, 0x0000000086a00000| Untracked 
|  85|0x0000000086b00000, 0x0000000086b00000, 0x0000000086c00000|  0%| F|  |TAMS 0x0000000086b00000, 0x0000000086b00000| Untracked 
|  86|0x0000000086c00000, 0x0000000086c00000, 0x0000000086d00000|  0%| F|  |TAMS 0x0000000086c00000, 0x0000000086c00000| Untracked 
|  87|0x0000000086d00000, 0x0000000086d00000, 0x0000000086e00000|  0%| F|  |TAMS 0x0000000086d00000, 0x0000000086d00000| Untracked 
|  88|0x0000000086e00000, 0x0000000086e00000, 0x0000000086f00000|  0%| F|  |TAMS 0x0000000086e00000, 0x0000000086e00000| Untracked 
|  89|0x0000000086f00000, 0x0000000086f00000, 0x0000000087000000|  0%| F|  |TAMS 0x0000000086f00000, 0x0000000086f00000| Untracked 
|  90|0x0000000087000000, 0x0000000087000000, 0x0000000087100000|  0%| F|  |TAMS 0x0000000087000000, 0x0000000087000000| Untracked 
|  91|0x0000000087100000, 0x0000000087100000, 0x0000000087200000|  0%| F|  |TAMS 0x0000000087100000, 0x0000000087100000| Untracked 
|  92|0x0000000087200000, 0x0000000087200000, 0x0000000087300000|  0%| F|  |TAMS 0x0000000087200000, 0x0000000087200000| Untracked 
|  93|0x0000000087300000, 0x0000000087300000, 0x0000000087400000|  0%| F|  |TAMS 0x0000000087300000, 0x0000000087300000| Untracked 
|  94|0x0000000087400000, 0x0000000087400000, 0x0000000087500000|  0%| F|  |TAMS 0x0000000087400000, 0x0000000087400000| Untracked 
|  95|0x0000000087500000, 0x0000000087500000, 0x0000000087600000|  0%| F|  |TAMS 0x0000000087500000, 0x0000000087500000| Untracked 
|  96|0x0000000087600000, 0x0000000087600000, 0x0000000087700000|  0%| F|  |TAMS 0x0000000087600000, 0x0000000087600000| Untracked 
|  97|0x0000000087700000, 0x0000000087700000, 0x0000000087800000|  0%| F|  |TAMS 0x0000000087700000, 0x0000000087700000| Untracked 
|  98|0x0000000087800000, 0x00000000878bbe00, 0x0000000087900000| 73%| S|CS|TAMS 0x0000000087800000, 0x0000000087800000| Complete 
|  99|0x0000000087900000, 0x0000000087a00000, 0x0000000087a00000|100%| S|CS|TAMS 0x0000000087900000, 0x0000000087900000| Complete 
| 100|0x0000000087a00000, 0x0000000087b00000, 0x0000000087b00000|100%| S|CS|TAMS 0x0000000087a00000, 0x0000000087a00000| Complete 
| 101|0x0000000087b00000, 0x0000000087c00000, 0x0000000087c00000|100%| S|CS|TAMS 0x0000000087b00000, 0x0000000087b00000| Complete 
| 102|0x0000000087c00000, 0x0000000087c00000, 0x0000000087d00000|  0%| F|  |TAMS 0x0000000087c00000, 0x0000000087c00000| Untracked 
| 103|0x0000000087d00000, 0x0000000087d00000, 0x0000000087e00000|  0%| F|  |TAMS 0x0000000087d00000, 0x0000000087d00000| Untracked 
| 104|0x0000000087e00000, 0x0000000087e00000, 0x0000000087f00000|  0%| F|  |TAMS 0x0000000087e00000, 0x0000000087e00000| Untracked 
| 105|0x0000000087f00000, 0x0000000087f00000, 0x0000000088000000|  0%| F|  |TAMS 0x0000000087f00000, 0x0000000087f00000| Untracked 
| 106|0x0000000088000000, 0x0000000088000000, 0x0000000088100000|  0%| F|  |TAMS 0x0000000088000000, 0x0000000088000000| Untracked 
| 107|0x0000000088100000, 0x0000000088100000, 0x0000000088200000|  0%| F|  |TAMS 0x0000000088100000, 0x0000000088100000| Untracked 
| 108|0x0000000088200000, 0x0000000088200000, 0x0000000088300000|  0%| F|  |TAMS 0x0000000088200000, 0x0000000088200000| Untracked 
| 109|0x0000000088300000, 0x0000000088300000, 0x0000000088400000|  0%| F|  |TAMS 0x0000000088300000, 0x0000000088300000| Untracked 
| 110|0x0000000088400000, 0x0000000088400000, 0x0000000088500000|  0%| F|  |TAMS 0x0000000088400000, 0x0000000088400000| Untracked 
| 111|0x0000000088500000, 0x0000000088500000, 0x0000000088600000|  0%| F|  |TAMS 0x0000000088500000, 0x0000000088500000| Untracked 
| 112|0x0000000088600000, 0x0000000088600000, 0x0000000088700000|  0%| F|  |TAMS 0x0000000088600000, 0x0000000088600000| Untracked 
| 113|0x0000000088700000, 0x0000000088700000, 0x0000000088800000|  0%| F|  |TAMS 0x0000000088700000, 0x0000000088700000| Untracked 
| 114|0x0000000088800000, 0x0000000088800000, 0x0000000088900000|  0%| F|  |TAMS 0x0000000088800000, 0x0000000088800000| Untracked 
| 115|0x0000000088900000, 0x0000000088900000, 0x0000000088a00000|  0%| F|  |TAMS 0x0000000088900000, 0x0000000088900000| Untracked 
| 116|0x0000000088a00000, 0x0000000088a00000, 0x0000000088b00000|  0%| F|  |TAMS 0x0000000088a00000, 0x0000000088a00000| Untracked 
| 117|0x0000000088b00000, 0x0000000088b00000, 0x0000000088c00000|  0%| F|  |TAMS 0x0000000088b00000, 0x0000000088b00000| Untracked 
| 118|0x0000000088c00000, 0x0000000088c00000, 0x0000000088d00000|  0%| F|  |TAMS 0x0000000088c00000, 0x0000000088c00000| Untracked 
| 119|0x0000000088d00000, 0x0000000088d00000, 0x0000000088e00000|  0%| F|  |TAMS 0x0000000088d00000, 0x0000000088d00000| Untracked 
| 120|0x0000000088e00000, 0x0000000088e00000, 0x0000000088f00000|  0%| F|  |TAMS 0x0000000088e00000, 0x0000000088e00000| Untracked 
| 121|0x0000000088f00000, 0x0000000088f00000, 0x0000000089000000|  0%| F|  |TAMS 0x0000000088f00000, 0x0000000088f00000| Untracked 
| 122|0x0000000089000000, 0x00000000890813b8, 0x0000000089100000| 50%| E|  |TAMS 0x0000000089000000, 0x0000000089000000| Complete 
| 123|0x0000000089100000, 0x0000000089200000, 0x0000000089200000|100%| E|CS|TAMS 0x0000000089100000, 0x0000000089100000| Complete 
| 124|0x0000000089200000, 0x0000000089300000, 0x0000000089300000|100%| E|CS|TAMS 0x0000000089200000, 0x0000000089200000| Complete 
| 125|0x0000000089300000, 0x0000000089400000, 0x0000000089400000|100%| E|CS|TAMS 0x0000000089300000, 0x0000000089300000| Complete 
| 126|0x0000000089400000, 0x0000000089500000, 0x0000000089500000|100%| E|CS|TAMS 0x0000000089400000, 0x0000000089400000| Complete 
| 127|0x0000000089500000, 0x0000000089600000, 0x0000000089600000|100%| E|CS|TAMS 0x0000000089500000, 0x0000000089500000| Complete 

Card table byte_map: [0x0000017b4b970000,0x0000017b4bd70000] _byte_map_base: 0x0000017b4b565000

Marking Bits (Prev, Next): (CMBitMap*) 0x0000017b3413b8d8, (CMBitMap*) 0x0000017b3413b910
 Prev Bits: [0x0000017b4c170000, 0x0000017b4e118000)
 Next Bits: [0x0000017b4e120000, 0x0000017b500c8000)

Polling page: 0x0000017b32060000

Metaspace:

Usage:
  Non-class:     17.10 MB capacity,    16.92 MB ( 99%) used,   152.01 KB ( <1%) free+waste,    30.63 KB ( <1%) overhead. 
      Class:      2.24 MB capacity,     2.12 MB ( 95%) used,   108.94 KB (  5%) free+waste,    13.75 KB ( <1%) overhead. 
       Both:     19.33 MB capacity,    19.03 MB ( 98%) used,   260.95 KB (  1%) free+waste,    44.38 KB ( <1%) overhead. 

Virtual space:
  Non-class space:       18.00 MB reserved,      17.25 MB ( 96%) committed 
      Class space:        1.00 GB reserved,       2.25 MB ( <1%) committed 
             Both:        1.02 GB reserved,      19.50 MB (  2%) committed 

Chunk freelists:
   Non-Class:  3.75 KB
       Class:  1.88 KB
        Both:  5.63 KB

CodeHeap 'non-profiled nmethods': size=120064Kb used=775Kb max_used=775Kb free=119288Kb
 bounds [0x0000017b44030000, 0x0000017b442a0000, 0x0000017b4b570000]
CodeHeap 'profiled nmethods': size=120000Kb used=4023Kb max_used=4023Kb free=115976Kb
 bounds [0x0000017b3cb00000, 0x0000017b3cef0000, 0x0000017b44030000]
CodeHeap 'non-nmethods': size=5696Kb used=1114Kb max_used=1144Kb free=4581Kb
 bounds [0x0000017b3c570000, 0x0000017b3c7e0000, 0x0000017b3cb00000]
 total_blobs=2326 nmethods=1895 adapters=343
 compilation: enabled
              stopped_count=0, restarted_count=0
 full_count=0

Compilation events (10 events):
Event: 2.740 Thread 0x0000017b525e9000 nmethod 1892 0x0000017b3ceeb910 code [0x0000017b3ceebc60, 0x0000017b3ceecf00]
Event: 2.740 Thread 0x0000017b525e9000 1893       3       java.net.URL::getDefaultPort (8 bytes)
Event: 2.740 Thread 0x0000017b525e9000 nmethod 1893 0x0000017b3ceed590 code [0x0000017b3ceed740, 0x0000017b3ceed970]
Event: 2.743 Thread 0x0000017b53c82800 1894       4       jdk.internal.loader.URLClassPath$JarLoader::findResource (18 bytes)
Event: 2.744 Thread 0x0000017b525e9000 1895       3       jdk.internal.misc.VM::isModuleSystemInited (13 bytes)
Event: 2.744 Thread 0x0000017b53c82800 nmethod 1894 0x0000017b440ef490 code [0x0000017b440ef620, 0x0000017b440ef6c8]
Event: 2.745 Thread 0x0000017b525e9000 nmethod 1895 0x0000017b3ceeda10 code [0x0000017b3ceedbc0, 0x0000017b3ceeddb8]
Event: 2.753 Thread 0x0000017b525e0000 nmethod 1851% 0x0000017b440ef790 code [0x0000017b440ef940, 0x0000017b440f0918]
Event: 2.772 Thread 0x0000017b53c82800 1896       4       jdk.internal.jimage.ImageLocation::decompress (153 bytes)
Event: 2.774 Thread 0x0000017b525e0000 1897       4       java.lang.AbstractStringBuilder::append (45 bytes)

GC Heap History (6 events):
Event: 1.107 GC heap before
{Heap before GC invocations=0 (full 0):
 garbage-first heap   total 131072K, used 15360K [0x0000000081600000, 0x0000000100000000)
  region size 1024K, 14 young (14336K), 0 survivors (0K)
 Metaspace       used 9553K, capacity 9656K, committed 9984K, reserved 1058816K
  class space    used 899K, capacity 942K, committed 1024K, reserved 1048576K
}
Event: 1.112 GC heap after
{Heap after GC invocations=1 (full 0):
 garbage-first heap   total 131072K, used 7110K [0x0000000081600000, 0x0000000100000000)
  region size 1024K, 2 young (2048K), 2 survivors (2048K)
 Metaspace       used 9553K, capacity 9656K, committed 9984K, reserved 1058816K
  class space    used 899K, capacity 942K, committed 1024K, reserved 1048576K
}
Event: 1.395 GC heap before
{Heap before GC invocations=1 (full 0):
 garbage-first heap   total 131072K, used 18374K [0x0000000081600000, 0x0000000100000000)
  region size 1024K, 13 young (13312K), 2 survivors (2048K)
 Metaspace       used 11831K, capacity 12002K, committed 12032K, reserved 1060864K
  class space    used 1232K, capacity 1274K, committed 1280K, reserved 1048576K
}
Event: 1.401 GC heap after
{Heap after GC invocations=2 (full 0):
 garbage-first heap   total 131072K, used 7999K [0x0000000081600000, 0x0000000100000000)
  region size 1024K, 1 young (1024K), 1 survivors (1024K)
 Metaspace       used 11831K, capacity 12002K, committed 12032K, reserved 1060864K
  class space    used 1232K, capacity 1274K, committed 1280K, reserved 1048576K
}
Event: 2.429 GC heap before
{Heap before GC invocations=2 (full 0):
 garbage-first heap   total 131072K, used 32575K [0x0000000081600000, 0x0000000100000000)
  region size 1024K, 26 young (26624K), 1 survivors (1024K)
 Metaspace       used 18601K, capacity 18920K, committed 19200K, reserved 1067008K
  class space    used 2054K, capacity 2189K, committed 2304K, reserved 1048576K
}
Event: 2.436 GC heap after
{Heap after GC invocations=3 (full 0):
 garbage-first heap   total 131072K, used 10921K [0x0000000081600000, 0x0000000100000000)
  region size 1024K, 4 young (4096K), 4 survivors (4096K)
 Metaspace       used 18601K, capacity 18920K, committed 19200K, reserved 1067008K
  class space    used 2054K, capacity 2189K, committed 2304K, reserved 1048576K
}

Deoptimization events (10 events):
Event: 2.132 Thread 0x0000017b340fc800 Uncommon trap: reason=bimorphic_or_optimized_type_check action=maybe_recompile pc=0x0000017b4407c314 method=java.util.HashMap.getNode(ILjava/lang/Object;)Ljava/util/HashMap$Node; @ 126 c2
Event: 2.132 Thread 0x0000017b340fc800 Uncommon trap: reason=bimorphic_or_optimized_type_check action=maybe_recompile pc=0x0000017b44071304 method=java.util.HashMap.putVal(ILjava/lang/Object;Ljava/lang/Object;ZZ)Ljava/lang/Object; @ 203 c2
Event: 2.178 Thread 0x0000017b340fc800 Uncommon trap: reason=bimorphic_or_optimized_type_check action=maybe_recompile pc=0x0000017b4407132c method=java.util.HashMap.putVal(ILjava/lang/Object;Ljava/lang/Object;ZZ)Ljava/lang/Object; @ 91 c2
Event: 2.179 Thread 0x0000017b340fc800 Uncommon trap: reason=bimorphic_or_optimized_type_check action=maybe_recompile pc=0x0000017b4407132c method=java.util.HashMap.putVal(ILjava/lang/Object;Ljava/lang/Object;ZZ)Ljava/lang/Object; @ 91 c2
Event: 2.179 Thread 0x0000017b340fc800 Uncommon trap: reason=bimorphic_or_optimized_type_check action=maybe_recompile pc=0x0000017b4407132c method=java.util.HashMap.putVal(ILjava/lang/Object;Ljava/lang/Object;ZZ)Ljava/lang/Object; @ 91 c2
Event: 2.423 Thread 0x0000017b340fc800 Uncommon trap: reason=bimorphic_or_optimized_type_check action=maybe_recompile pc=0x0000017b4409ae24 method=java.util.regex.Pattern$CharPropertyGreedy.match(Ljava/util/regex/Matcher;ILjava/lang/CharSequence;)Z @ 80 c2
Event: 2.429 Thread 0x0000017b340fc800 Uncommon trap: reason=bimorphic_or_optimized_type_check action=maybe_recompile pc=0x0000017b4409ae24 method=java.util.regex.Pattern$CharPropertyGreedy.match(Ljava/util/regex/Matcher;ILjava/lang/CharSequence;)Z @ 80 c2
Event: 2.442 Thread 0x0000017b340fc800 Uncommon trap: reason=bimorphic_or_optimized_type_check action=maybe_recompile pc=0x0000017b4408c404 method=java.net.URL.<init>(Ljava/net/URL;Ljava/lang/String;Ljava/net/URLStreamHandler;)V @ 504 c2
Event: 2.442 Thread 0x0000017b340fc800 Uncommon trap: reason=unstable_if action=reinterpret pc=0x0000017b440bb138 method=sun.net.util.IPAddressUtil.scan(Ljava/lang/String;JJ[C)I @ 14 c2
Event: 2.772 Thread 0x0000017b340fc800 Uncommon trap: reason=unstable_if action=reinterpret pc=0x0000017b4405b3f8 method=jdk.internal.loader.URLClassPath$JarLoader.ensureOpen()V @ 4 c2

Classes redefined (0 events):
No events

Internal exceptions (10 events):
Event: 2.184 Thread 0x0000017b340fc800 Exception <a 'java/lang/NoSuchMethodError'{0x00000000884bda28}: java.lang.invoke.DirectMethodHandle$Holder.invokeStaticInit(Ljava/lang/Object;Ljava/lang/Object;)I> (0x00000000884bda28) thrown at [./open/src/hotspot/share/interpreter/linkResolver.cpp, line
Event: 2.419 Thread 0x0000017b340fc800 Exception <a 'java/lang/NoSuchMethodError'{0x0000000087ce7498}: java.lang.invoke.DirectMethodHandle$Holder.invokeStaticInit(Ljava/lang/Object;IIII)Ljava/lang/Object;> (0x0000000087ce7498) thrown at [./open/src/hotspot/share/interpreter/linkResolver.cpp, l
Event: 2.421 Thread 0x0000017b340fc800 Exception <a 'sun/nio/fs/WindowsException'{0x0000000087ced738}> (0x0000000087ced738) thrown at [./open/src/hotspot/share/prims/jni.cpp, line 611]
Event: 2.726 Thread 0x0000017b340fc800 Exception <a 'java/lang/NoSuchMethodError'{0x000000008924a0d8}: java.lang.invoke.DirectMethodHandle$Holder.invokeStaticInit(Ljava/lang/Object;Ljava/lang/Object;IIII)Ljava/lang/Object;> (0x000000008924a0d8) thrown at [./open/src/hotspot/share/interpreter/l
Event: 2.772 Thread 0x0000017b340fc800 Exception <a 'java/security/PrivilegedActionException'{0x000000008903fa60}> (0x000000008903fa60) thrown at [./open/src/hotspot/share/prims/jvm.cpp, line 1296]
Event: 2.772 Thread 0x0000017b340fc800 Exception <a 'java/security/PrivilegedActionException'{0x0000000089040280}> (0x0000000089040280) thrown at [./open/src/hotspot/share/prims/jvm.cpp, line 1296]
Event: 2.773 Thread 0x0000017b340fc800 Exception <a 'java/security/PrivilegedActionException'{0x000000008904da80}> (0x000000008904da80) thrown at [./open/src/hotspot/share/prims/jvm.cpp, line 1296]
Event: 2.773 Thread 0x0000017b340fc800 Exception <a 'java/security/PrivilegedActionException'{0x000000008904e2a0}> (0x000000008904e2a0) thrown at [./open/src/hotspot/share/prims/jvm.cpp, line 1296]
Event: 2.774 Thread 0x0000017b340fc800 Exception <a 'java/security/PrivilegedActionException'{0x0000000089056ba8}> (0x0000000089056ba8) thrown at [./open/src/hotspot/share/prims/jvm.cpp, line 1296]
Event: 2.774 Thread 0x0000017b340fc800 Exception <a 'java/security/PrivilegedActionException'{0x00000000890573c8}> (0x00000000890573c8) thrown at [./open/src/hotspot/share/prims/jvm.cpp, line 1296]

Events (10 events):
Event: 2.771 loading class java/util/RegularEnumSet$EnumSetIterator done
Event: 2.771 loading class org/apache/logging/log4j/util/ProviderUtil
Event: 2.771 loading class org/apache/logging/log4j/util/ProviderUtil done
Event: 2.772 loading class jdk/internal/loader/URLClassPath$JarLoader$3
Event: 2.772 loading class jdk/internal/loader/URLClassPath$JarLoader$3 done
Event: 2.772 Thread 0x0000017b340fc800 Uncommon trap: trap_request=0xffffff4d fr.pc=0x0000017b4405b3f8 relative=0x0000000000000058
Event: 2.772 Thread 0x0000017b340fc800 DEOPT PACKING pc=0x0000017b4405b3f8 sp=0x0000002539bf9450
Event: 2.772 Thread 0x0000017b340fc800 DEOPT UNPACKING pc=0x0000017b3c598f2f sp=0x0000002539bf93e8 mode 2
Event: 2.773 loading class org/apache/logging/log4j/util/LoaderUtil$UrlResource
Event: 2.773 loading class org/apache/logging/log4j/util/LoaderUtil$UrlResource done


Dynamic libraries:
0x00007ff61ff90000 - 0x00007ff61ff9f000 	C:\Program Files\Java\jdk-11.0.9\bin\javaw.exe
0x00007ffe6a390000 - 0x00007ffe6a585000 	C:\Windows\SYSTEM32\ntdll.dll
0x00007ffe68e40000 - 0x00007ffe68efd000 	C:\Windows\System32\KERNEL32.DLL
0x00007ffe67f40000 - 0x00007ffe68208000 	C:\Windows\System32\KERNELBASE.dll
0x00007ffe67ad0000 - 0x00007ffe67bd0000 	C:\Windows\System32\ucrtbase.dll
0x00007ffe5f1e0000 - 0x00007ffe5f1f5000 	C:\Program Files\Java\jdk-11.0.9\bin\VCRUNTIME140.dll
0x00007ffe60390000 - 0x00007ffe603a8000 	C:\Program Files\Java\jdk-11.0.9\bin\jli.dll
0x00007ffe68b50000 - 0x00007ffe68bfc000 	C:\Windows\System32\ADVAPI32.dll
0x00007ffe68f90000 - 0x00007ffe6902e000 	C:\Windows\System32\msvcrt.dll
0x00007ffe68c00000 - 0x00007ffe68c9b000 	C:\Windows\System32\sechost.dll
0x00007ffe6a220000 - 0x00007ffe6a34b000 	C:\Windows\System32\RPCRT4.dll
0x00007ffe68ca0000 - 0x00007ffe68e40000 	C:\Windows\System32\USER32.dll
0x00007ffe67f10000 - 0x00007ffe67f32000 	C:\Windows\System32\win32u.dll
0x00007ffe694a0000 - 0x00007ffe694ca000 	C:\Windows\System32\GDI32.dll
0x00007ffe67e00000 - 0x00007ffe67f0b000 	C:\Windows\System32\gdi32full.dll
0x00007ffe67d60000 - 0x00007ffe67dfd000 	C:\Windows\System32\msvcp_win.dll
0x00007ffe5cf10000 - 0x00007ffe5d1aa000 	C:\Windows\WinSxS\amd64_microsoft.windows.common-controls_6595b64144ccf1df_6.0.19041.844_none_ca00b6081b84eb1d\COMCTL32.dll
0x00007ffe5dd50000 - 0x00007ffe5dd5a000 	C:\Windows\SYSTEM32\VERSION.dll
0x00007ffe696a0000 - 0x00007ffe696d0000 	C:\Windows\System32\IMM32.DLL
0x00007ffe5f070000 - 0x00007ffe5f10b000 	C:\Program Files\Java\jdk-11.0.9\bin\msvcp140.dll
0x00007ffe34d90000 - 0x00007ffe35887000 	C:\Program Files\Java\jdk-11.0.9\bin\server\jvm.dll
0x00007ffe68f00000 - 0x00007ffe68f08000 	C:\Windows\System32\PSAPI.DLL
0x00007ffe62050000 - 0x00007ffe62059000 	C:\Windows\SYSTEM32\WSOCK32.dll
0x00007ffe6a1b0000 - 0x00007ffe6a21b000 	C:\Windows\System32\WS2_32.dll
0x00007ffe5de10000 - 0x00007ffe5de37000 	C:\Windows\SYSTEM32\WINMM.dll
0x00007ffe65a20000 - 0x00007ffe65a32000 	C:\Windows\SYSTEM32\kernel.appcore.dll
0x00007ffe61a30000 - 0x00007ffe61a40000 	C:\Program Files\Java\jdk-11.0.9\bin\verify.dll
0x00007ffe61210000 - 0x00007ffe613f4000 	C:\Windows\SYSTEM32\DBGHELP.DLL
0x00007ffe606d0000 - 0x00007ffe606fc000 	C:\Windows\SYSTEM32\dbgcore.DLL
0x00007ffe68370000 - 0x00007ffe683f0000 	C:\Windows\System32\bcryptPrimitives.dll
0x00007ffe5f040000 - 0x00007ffe5f068000 	C:\Program Files\Java\jdk-11.0.9\bin\java.dll
0x00007ffe5f8a0000 - 0x00007ffe5f8aa000 	C:\Program Files\Java\jdk-11.0.9\bin\jimage.dll
0x00007ffe5f020000 - 0x00007ffe5f036000 	C:\Program Files\Java\jdk-11.0.9\bin\zip.dll
0x00007ffe69a00000 - 0x00007ffe6a142000 	C:\Windows\System32\SHELL32.dll
0x00007ffe65c20000 - 0x00007ffe663b0000 	C:\Windows\SYSTEM32\windows.storage.dll
0x00007ffe685e0000 - 0x00007ffe68935000 	C:\Windows\System32\combase.dll
0x00007ffe67470000 - 0x00007ffe6749c000 	C:\Windows\SYSTEM32\Wldp.dll
0x00007ffe698d0000 - 0x00007ffe6997e000 	C:\Windows\System32\SHCORE.dll
0x00007ffe696d0000 - 0x00007ffe69725000 	C:\Windows\System32\shlwapi.dll
0x00007ffe67a10000 - 0x00007ffe67a2f000 	C:\Windows\SYSTEM32\profapi.dll
0x00007ffe5cdb0000 - 0x00007ffe5cdc9000 	C:\Program Files\Java\jdk-11.0.9\bin\net.dll
0x00007ffe5db40000 - 0x00007ffe5dc4b000 	C:\Windows\SYSTEM32\WINHTTP.dll
0x00007ffe671e0000 - 0x00007ffe6724a000 	C:\Windows\system32\mswsock.dll
0x00007ffe5cd90000 - 0x00007ffe5cda2000 	C:\Program Files\Java\jdk-11.0.9\bin\nio.dll
0x00007ffe5f2c0000 - 0x00007ffe5f2c9000 	C:\Program Files\Java\jdk-11.0.9\bin\prefs.dll
0x00007ffe566a0000 - 0x00007ffe566c5000 	C:\Program Files\Java\jdk-11.0.9\bin\sunec.dll
0x00007ffe673c0000 - 0x00007ffe673d8000 	C:\Windows\SYSTEM32\CRYPTSP.dll
0x00007ffe66b80000 - 0x00007ffe66bb4000 	C:\Windows\system32\rsaenh.dll
0x00007ffe67bd0000 - 0x00007ffe67bf7000 	C:\Windows\System32\bcrypt.dll
0x00007ffe679d0000 - 0x00007ffe679fe000 	C:\Windows\SYSTEM32\USERENV.dll
0x00007ffe673b0000 - 0x00007ffe673bc000 	C:\Windows\SYSTEM32\CRYPTBASE.dll
0x00007ffe66ed0000 - 0x00007ffe66f0b000 	C:\Windows\SYSTEM32\IPHLPAPI.DLL
0x00007ffe68f70000 - 0x00007ffe68f78000 	C:\Windows\System32\NSI.dll
0x00007ffe5f3f0000 - 0x00007ffe5f407000 	C:\Windows\SYSTEM32\dhcpcsvc6.DLL
0x00007ffe60840000 - 0x00007ffe6085d000 	C:\Windows\SYSTEM32\dhcpcsvc.DLL
0x00007ffe66f10000 - 0x00007ffe66fdc000 	C:\Windows\SYSTEM32\DNSAPI.dll

dbghelp: loaded successfully - version: 4.0.5 - missing functions: none
symbol engine: initialized successfully - sym options: 0x614 - pdb path: .;C:\Program Files\Java\jdk-11.0.9\bin;C:\Windows\SYSTEM32;C:\Windows\WinSxS\amd64_microsoft.windows.common-controls_6595b64144ccf1df_6.0.19041.844_none_ca00b6081b84eb1d;C:\Program Files\Java\jdk-11.0.9\bin\server

VM Arguments:
jvm_args: -ea -Dfile.encoding=UTF-8 
java_command: org.eclipse.jdt.internal.junit.runner.RemoteTestRunner -version 3 -port 61894 -testLoaderClass org.eclipse.jdt.internal.junit4.runner.JUnit4TestLoader -loaderpluginname org.eclipse.jdt.junit4.runtime -classNames testrunner.Runner
java_class_path (initial): C:\Users\DELL\eclipse-workspace\DataStack\target\test-classes;C:\Users\DELL\eclipse-workspace\DataStack\target\classes;C:\Users\DELL\.m2\repository\org\seleniumhq\selenium\selenium-java\3.141.59\selenium-java-3.141.59.jar;C:\Users\DELL\.m2\repository\org\seleniumhq\selenium\selenium-api\3.141.59\selenium-api-3.141.59.jar;C:\Users\DELL\.m2\repository\org\seleniumhq\selenium\selenium-chrome-driver\3.141.59\selenium-chrome-driver-3.141.59.jar;C:\Users\DELL\.m2\repository\org\seleniumhq\selenium\selenium-edge-driver\3.141.59\selenium-edge-driver-3.141.59.jar;C:\Users\DELL\.m2\repository\org\seleniumhq\selenium\selenium-firefox-driver\3.141.59\selenium-firefox-driver-3.141.59.jar;C:\Users\DELL\.m2\repository\org\seleniumhq\selenium\selenium-ie-driver\3.141.59\selenium-ie-driver-3.141.59.jar;C:\Users\DELL\.m2\repository\org\seleniumhq\selenium\selenium-opera-driver\3.141.59\selenium-opera-driver-3.141.59.jar;C:\Users\DELL\.m2\repository\org\seleniumhq\selenium\selenium-remote-driver\3.141.59\selenium-remote-driver-3.141.59.jar;C:\Users\DELL\.m2\repository\org\seleniumhq\selenium\selenium-safari-driver\3.141.59\selenium-safari-driver-3.141.59.jar;C:\Users\DELL\.m2\repository\org\seleniumhq\selenium\selenium-support\3.141.59\selenium-support-3.141.59.jar;C:\Users\DELL\.m2\repository\net\bytebuddy\byte-buddy\1.8.15\byte-buddy-1.8.15.jar;C:\Users\DELL\.m2\repository\org\apache\commons\commons-exec\1.3\commons-exec-1.3.jar;C:\Users\DELL\.m2\repository\com\google\guava\guava\25.0-jre\guava-25.0-jre.jar;C:\Users\DELL\.m2\repository\com\google\code\findbugs\jsr305\1.3.9\jsr305-1.3.9.jar;C:\Users\DELL\.m2\repository\org\checkerframework\checker-compat-qual\2.0.0\checker-compat-qual-2.0.0.jar;C:\Users\DELL\.m2\repository\com\google\errorprone\error_prone_annotations\2.1.3\error_prone_annotations-2.1.3.jar;C:\Users\DELL\.m2\repository\com\google\j2objc\j2objc-annotations\1.1\j2objc-annotations-1.1.jar;C:\Users\DELL\.m2\repository\org\codehaus\mojo\animal
Launcher Type: SUN_STANDARD

[Global flags]
     intx CICompilerCount                          = 3                                         {product} {ergonomic}
     uint ConcGCThreads                            = 1                                         {product} {ergonomic}
     uint G1ConcRefinementThreads                  = 4                                         {product} {ergonomic}
   size_t G1HeapRegionSize                         = 1048576                                   {product} {ergonomic}
    uintx GCDrainStackTargetSize                   = 64                                        {product} {ergonomic}
   size_t InitialHeapSize                          = 134217728                                 {product} {ergonomic}
   size_t MarkStackSize                            = 4194304                                   {product} {ergonomic}
   size_t MaxHeapSize                              = 2124414976                                {product} {ergonomic}
   size_t MaxNewSize                               = 1274019840                                {product} {ergonomic}
   size_t MinHeapDeltaBytes                        = 1048576                                   {product} {ergonomic}
    uintx NonNMethodCodeHeapSize                   = 5830732                                {pd product} {ergonomic}
    uintx NonProfiledCodeHeapSize                  = 122913754                              {pd product} {ergonomic}
    uintx ProfiledCodeHeapSize                     = 122913754                              {pd product} {ergonomic}
    uintx ReservedCodeCacheSize                    = 251658240                              {pd product} {ergonomic}
     bool SegmentedCodeCache                       = true                                      {product} {ergonomic}
     bool UseCompressedClassPointers               = true                                 {lp64_product} {ergonomic}
     bool UseCompressedOops                        = true                                 {lp64_product} {ergonomic}
     bool UseG1GC                                  = true                                      {product} {ergonomic}
     bool UseLargePagesIndividualAllocation        = false                                  {pd product} {ergonomic}

Logging:
Log output configuration:
 #0: stdout all=warning uptime,level,tags
 #1: stderr all=off uptime,level,tags

Environment Variables:
JAVA_HOME=C:\Program Files\Java\jdk-11.0.9\
CLASSPATH=.;D:\Jars\*;
PATH=C:\Program Files\Common Files\Oracle\Java\javapath;C:\Windows\system32;C:\Windows;C:\Windows\System32\Wbem;C:\Windows\System32\WindowsPowerShell\v1.0\;C:\Windows\System32\OpenSSH\;C:\Program Files\Git\cmd;C:\Program Files\apache-maven-3.6.3\bin;C:\Program Files\Java\jdk-11.0.9\bin;C:\Users\DELL\AppData\Local\Microsoft\WindowsApps;C:\Program Files\Java\jdk-11.0.9\bin\jar.exe;
USERNAME=DELL
OS=Windows_NT
PROCESSOR_IDENTIFIER=Intel64 Family 6 Model 61 Stepping 4, GenuineIntel



---------------  S Y S T E M  ---------------

OS: Windows 10 , 64 bit Build 19041 (10.0.19041.928)

CPU:total 4 (initial active 4) (2 cores per cpu, 2 threads per core) family 6 model 61 stepping 4, cmov, cx8, fxsr, mmx, sse, sse2, sse3, ssse3, sse4.1, sse4.2, popcnt, avx, avx2, aes, clmul, erms, 3dnowpref, lzcnt, ht, tsc, tscinvbit, bmi1, bmi2, adx, fma

Memory: 4k page, system-wide physical 8099M (2964M free)
TotalPageFile size 18339M (AvailPageFile size 6521M)
current process WorkingSet (physical memory assigned to process): 115M, peak: 116M
current process commit charge ("private bytes"): 241M, peak: 242M

vm_info: Java HotSpot(TM) 64-Bit Server VM (11.0.9+7-LTS) for windows-amd64 JRE (11.0.9+7-LTS), built on Sep 15 2020 16:47:03 by "mach5one" with MS VC++ 15.9 (VS2017)

END.
